[2026-05-10 17:27:51 INF] CorrelationId= User profile is available. Using 'C:\Users\THINKPAD\AppData\Local\ASP.NET\DataProtection-Keys' as key repository and Windows DPAPI to encrypt keys at rest.
[2026-05-10 17:27:51 INF] CorrelationId= Now listening on: http://localhost:5088
[2026-05-10 17:27:51 INF] CorrelationId= Application started. Press Ctrl+C to shut down.
[2026-05-10 17:27:51 INF] CorrelationId= Hosting environment: Development
[2026-05-10 17:27:51 INF] CorrelationId= Content root path: E:\Company\Custody-Revamp\CustodyApiPlatform\Directfn.Custody.SampleApi
[2026-05-10 17:27:56 INF] CorrelationId= Request starting HTTP/1.1 GET http://localhost:5088/ - null null
[2026-05-10 17:27:56 WRN] CorrelationId=f463e13af8b1405d9ba62e8b580bc180 Failed to determine the https port for redirect.
[2026-05-10 17:27:56 INF] CorrelationId=f463e13af8b1405d9ba62e8b580bc180 HTTP GET / responded 404 in 128.0677 ms
[2026-05-10 17:27:56 INF] CorrelationId= Request finished HTTP/1.1 GET http://localhost:5088/ - 404 0 null 190.3937ms
[2026-05-10 17:27:56 INF] CorrelationId= Request reached the end of the middleware pipeline without being handled by application code. Request path: GET http://localhost:5088/, Response status code: 404
[2026-05-10 17:27:59 INF] CorrelationId= Request starting HTTP/1.1 GET http://localhost:5088/swagger/index.html - null null
[2026-05-10 17:27:59 INF] CorrelationId=034b2c7315c64a5794d5ae7249587254 HTTP GET /swagger/index.html responded 304 in 69.2569 ms
[2026-05-10 17:27:59 INF] CorrelationId= Request finished HTTP/1.1 GET http://localhost:5088/swagger/index.html - 304 null null 75.8629ms
[2026-05-10 17:27:59 INF] CorrelationId= Request starting HTTP/1.1 GET http://localhost:5088/swagger/swagger-ui.css - null null
[2026-05-10 17:27:59 INF] CorrelationId= Request starting HTTP/1.1 GET http://localhost:5088/swagger/index.css - null null
[2026-05-10 17:27:59 INF] CorrelationId= Request starting HTTP/1.1 GET http://localhost:5088/swagger/swagger-ui-bundle.js - null null
[2026-05-10 17:27:59 INF] CorrelationId=7e7b0e3c834840818a0fdae71efb340e HTTP GET /swagger/swagger-ui.css responded 304 in 12.9855 ms
[2026-05-10 17:27:59 INF] CorrelationId=400235d40d634911b58581e80d35d557 HTTP GET /swagger/index.css responded 304 in 11.6998 ms
[2026-05-10 17:27:59 INF] CorrelationId=c6610850b8bc49078dbed265b17533c6 HTTP GET /swagger/swagger-ui-bundle.js responded 304 in 7.8278 ms
[2026-05-10 17:27:59 INF] CorrelationId= Request finished HTTP/1.1 GET http://localhost:5088/swagger/swagger-ui.css - 304 null null 18.4561ms
[2026-05-10 17:27:59 INF] CorrelationId= Request finished HTTP/1.1 GET http://localhost:5088/swagger/index.css - 304 null null 20.3835ms
[2026-05-10 17:27:59 INF] CorrelationId= Request finished HTTP/1.1 GET http://localhost:5088/swagger/swagger-ui-bundle.js - 304 null null 21.8245ms
[2026-05-10 17:27:59 INF] CorrelationId= Request starting HTTP/1.1 GET http://localhost:5088/swagger/index.js - null null
[2026-05-10 17:27:59 INF] CorrelationId=9b72811d3e394eae9c3bc9f05bbed8ef HTTP GET /swagger/index.js responded 304 in 0.5123 ms
[2026-05-10 17:27:59 INF] CorrelationId= Request starting HTTP/1.1 GET http://localhost:5088/swagger/swagger-ui-standalone-preset.js - null null
[2026-05-10 17:27:59 INF] CorrelationId= Request finished HTTP/1.1 GET http://localhost:5088/swagger/index.js - 304 null null 15.2994ms
[2026-05-10 17:27:59 INF] CorrelationId=2f9b0dc32a3b4402abec4e06ae2f1da8 HTTP GET /swagger/swagger-ui-standalone-preset.js responded 304 in 8.3106 ms
[2026-05-10 17:27:59 INF] CorrelationId= Request finished HTTP/1.1 GET http://localhost:5088/swagger/swagger-ui-standalone-preset.js - 304 null null 27.8469ms
[2026-05-10 17:27:59 INF] CorrelationId= Request starting HTTP/1.1 GET http://localhost:5088/swagger/v1/swagger.json - null null
[2026-05-10 17:27:59 INF] CorrelationId=a2e8e03234fd48829a5cac3d4b95ce44 HTTP GET /swagger/v1/swagger.json responded 200 in 113.9348 ms
[2026-05-10 17:27:59 INF] CorrelationId= Request finished HTTP/1.1 GET http://localhost:5088/swagger/v1/swagger.json - 200 null application/json;charset=utf-8 119.5455ms
[2026-05-10 17:36:29 INF] CorrelationId= Application is shutting down...
[2026-05-10 17:36:35 INF] CorrelationId= User profile is available. Using 'C:\Users\THINKPAD\AppData\Local\ASP.NET\DataProtection-Keys' as key repository and Windows DPAPI to encrypt keys at rest.
[2026-05-10 17:36:35 FTL] CorrelationId= Application startup exception
System.InvalidOperationException: Cannot resolve scoped service 'Directfn.Custody.ApiFramework.Sessions.IAuthSessionService' from root provider.
   at Microsoft.Extensions.DependencyInjection.ServiceLookup.CallSiteValidator.ValidateResolution(ServiceCallSite callSite, IServiceScope scope, IServiceScope rootScope)
   at Microsoft.Extensions.DependencyInjection.ServiceProvider.GetService(ServiceIdentifier serviceIdentifier, ServiceProviderEngineScope serviceProviderEngineScope)
   at Microsoft.Extensions.DependencyInjection.ServiceProvider.GetService(Type serviceType)
   at Microsoft.Extensions.DependencyInjection.ActivatorUtilities.ConstructorMatcher.CreateInstance(IServiceProvider provider)
   at Microsoft.Extensions.DependencyInjection.ActivatorUtilities.CreateInstance(IServiceProvider provider, Type instanceType, Object[] parameters)
   at Microsoft.AspNetCore.Builder.UseMiddlewareExtensions.ReflectionMiddlewareBinder.CreateMiddleware(RequestDelegate next)
   at Microsoft.AspNetCore.Builder.ApplicationBuilder.Build()
   at Microsoft.AspNetCore.Builder.ApplicationBuilder.Build()
   at Microsoft.AspNetCore.Hosting.GenericWebHostService.StartAsync(CancellationToken cancellationToken)
[2026-05-10 17:36:35 ERR] CorrelationId= Hosting failed to start
System.InvalidOperationException: Cannot resolve scoped service 'Directfn.Custody.ApiFramework.Sessions.IAuthSessionService' from root provider.
   at Microsoft.Extensions.DependencyInjection.ServiceLookup.CallSiteValidator.ValidateResolution(ServiceCallSite callSite, IServiceScope scope, IServiceScope rootScope)
   at Microsoft.Extensions.DependencyInjection.ServiceProvider.GetService(ServiceIdentifier serviceIdentifier, ServiceProviderEngineScope serviceProviderEngineScope)
   at Microsoft.Extensions.DependencyInjection.ServiceProvider.GetService(Type serviceType)
   at Microsoft.Extensions.DependencyInjection.ActivatorUtilities.ConstructorMatcher.CreateInstance(IServiceProvider provider)
   at Microsoft.Extensions.DependencyInjection.ActivatorUtilities.CreateInstance(IServiceProvider provider, Type instanceType, Object[] parameters)
   at Microsoft.AspNetCore.Builder.UseMiddlewareExtensions.ReflectionMiddlewareBinder.CreateMiddleware(RequestDelegate next)
   at Microsoft.AspNetCore.Builder.ApplicationBuilder.Build()
   at Microsoft.AspNetCore.Builder.ApplicationBuilder.Build()
   at Microsoft.AspNetCore.Hosting.GenericWebHostService.StartAsync(CancellationToken cancellationToken)
   at Microsoft.Extensions.Hosting.Internal.Host.<StartAsync>b__14_1(IHostedService service, CancellationToken token)
   at Microsoft.Extensions.Hosting.Internal.Host.ForeachService[T](IEnumerable`1 services, CancellationToken token, Boolean concurrent, Boolean abortOnFirstException, List`1 exceptions, Func`3 operation)
[2026-05-10 17:40:25 INF] CorrelationId= User profile is available. Using 'C:\Users\THINKPAD\AppData\Local\ASP.NET\DataProtection-Keys' as key repository and Windows DPAPI to encrypt keys at rest.
[2026-05-10 17:40:25 INF] CorrelationId= Now listening on: http://localhost:5088
[2026-05-10 17:40:25 INF] CorrelationId= Application started. Press Ctrl+C to shut down.
[2026-05-10 17:40:25 INF] CorrelationId= Hosting environment: Development
[2026-05-10 17:40:25 INF] CorrelationId= Content root path: E:\Company\Custody-Revamp\CustodyApiPlatform\Directfn.Custody.SampleApi
[2026-05-10 17:40:29 INF] CorrelationId= Request starting HTTP/1.1 GET http://localhost:5088/swagger/index.html - null null
[2026-05-10 17:40:30 INF] CorrelationId=2cc8a736b50b4f95ab71c13673e0da49 HTTP GET /swagger/index.html responded 304 in 80.0691 ms
[2026-05-10 17:40:30 INF] CorrelationId= Request finished HTTP/1.1 GET http://localhost:5088/swagger/index.html - 304 null null 123.3577ms
[2026-05-10 17:40:30 INF] CorrelationId= Request starting HTTP/1.1 GET http://localhost:5088/swagger/swagger-ui.css - null null
[2026-05-10 17:40:30 INF] CorrelationId= Request starting HTTP/1.1 GET http://localhost:5088/swagger/index.css - null null
[2026-05-10 17:40:30 INF] CorrelationId= Request starting HTTP/1.1 GET http://localhost:5088/swagger/swagger-ui-bundle.js - null null
[2026-05-10 17:40:30 INF] CorrelationId= Request starting HTTP/1.1 GET http://localhost:5088/swagger/index.js - null null
[2026-05-10 17:40:30 INF] CorrelationId= Request starting HTTP/1.1 GET http://localhost:5088/swagger/swagger-ui-standalone-preset.js - null null
[2026-05-10 17:40:30 INF] CorrelationId=a6c191f7bf424803b52fe1ac203a9439 HTTP GET /swagger/index.js responded 304 in 0.6425 ms
[2026-05-10 17:40:30 INF] CorrelationId= Request finished HTTP/1.1 GET http://localhost:5088/swagger/index.js - 304 null null 21.9677ms
[2026-05-10 17:40:30 INF] CorrelationId=c4d5c35df5f14d7e874127f0aa689f81 HTTP GET /swagger/swagger-ui-standalone-preset.js responded 304 in 13.5634 ms
[2026-05-10 17:40:30 INF] CorrelationId=664c9620431e4deabcc451c04ee15694 HTTP GET /swagger/index.css responded 304 in 22.2839 ms
[2026-05-10 17:40:30 INF] CorrelationId=de1c730d090442e2b490cf1f62ed0c67 HTTP GET /swagger/swagger-ui.css responded 304 in 23.5311 ms
[2026-05-10 17:40:30 INF] CorrelationId=dbc07649800240499d31d39ff399d013 HTTP GET /swagger/swagger-ui-bundle.js responded 304 in 20.5168 ms
[2026-05-10 17:40:30 INF] CorrelationId= Request finished HTTP/1.1 GET http://localhost:5088/swagger/swagger-ui-standalone-preset.js - 304 null null 30.7898ms
[2026-05-10 17:40:30 INF] CorrelationId= Request finished HTTP/1.1 GET http://localhost:5088/swagger/index.css - 304 null null 38.154ms
[2026-05-10 17:40:30 INF] CorrelationId= Request finished HTTP/1.1 GET http://localhost:5088/swagger/swagger-ui.css - 304 null null 43.2556ms
[2026-05-10 17:40:30 INF] CorrelationId= Request finished HTTP/1.1 GET http://localhost:5088/swagger/swagger-ui-bundle.js - 304 null null 40.9089ms
[2026-05-10 17:40:30 INF] CorrelationId= Request starting HTTP/1.1 GET http://localhost:5088/swagger/v1/swagger.json - null null
[2026-05-10 17:40:30 INF] CorrelationId= Request starting HTTP/1.1 GET http://localhost:5088/swagger/favicon-32x32.png - null null
[2026-05-10 17:40:30 INF] CorrelationId=68edf58f4bf342feb1eb4ce6b53bb158 HTTP GET /swagger/favicon-32x32.png responded 304 in 0.2876 ms
[2026-05-10 17:40:30 INF] CorrelationId= Request finished HTTP/1.1 GET http://localhost:5088/swagger/favicon-32x32.png - 304 null null 11.3572ms
[2026-05-10 17:40:30 INF] CorrelationId=f8485656efcf443998d09af26543eec6 HTTP GET /swagger/v1/swagger.json responded 200 in 130.8804 ms
[2026-05-10 17:40:30 INF] CorrelationId= Request finished HTTP/1.1 GET http://localhost:5088/swagger/v1/swagger.json - 200 null application/json;charset=utf-8 138.3794ms
[2026-05-10 17:40:30 INF] CorrelationId= Request starting HTTP/1.1 GET http://localhost:5088/swagger/index.js - null null
[2026-05-10 17:40:30 INF] CorrelationId= Request starting HTTP/1.1 GET http://localhost:5088/swagger/swagger-ui-standalone-preset.js - null null
[2026-05-10 17:40:30 INF] CorrelationId= Request starting HTTP/1.1 GET http://localhost:5088/swagger/swagger-ui-bundle.js - null null
[2026-05-10 17:40:30 INF] CorrelationId=d2829af92e2541de95ad28e73b46d290 HTTP GET /swagger/index.js responded 304 in 0.2335 ms
[2026-05-10 17:40:30 INF] CorrelationId=d7d176190d234baf84ae27eeee345ae5 HTTP GET /swagger/swagger-ui-standalone-preset.js responded 304 in 0.0859 ms
[2026-05-10 17:40:30 INF] CorrelationId=ef369296e61540028086554da51d298d HTTP GET /swagger/swagger-ui-bundle.js responded 304 in 0.0770 ms
[2026-05-10 17:40:30 INF] CorrelationId= Request finished HTTP/1.1 GET http://localhost:5088/swagger/index.js - 304 null null 11.782ms
[2026-05-10 17:40:30 INF] CorrelationId= Request finished HTTP/1.1 GET http://localhost:5088/swagger/swagger-ui-standalone-preset.js - 304 null null 11.8237ms
[2026-05-10 17:40:30 INF] CorrelationId= Request finished HTTP/1.1 GET http://localhost:5088/swagger/swagger-ui-bundle.js - 304 null null 14.2241ms
[2026-05-10 17:40:32 INF] CorrelationId= Request starting HTTP/1.1 GET http://localhost:5088/swagger/index.html - null null
[2026-05-10 17:40:32 INF] CorrelationId=f74955288bc94f6c81f44d8e999978f0 HTTP GET /swagger/index.html responded 304 in 0.4102 ms
[2026-05-10 17:40:32 INF] CorrelationId= Request finished HTTP/1.1 GET http://localhost:5088/swagger/index.html - 304 null null 5.5934ms
[2026-05-10 17:40:32 INF] CorrelationId= Request starting HTTP/1.1 GET http://localhost:5088/swagger/swagger-ui.css - null null
[2026-05-10 17:40:32 INF] CorrelationId= Request starting HTTP/1.1 GET http://localhost:5088/swagger/swagger-ui-bundle.js - null null
[2026-05-10 17:40:32 INF] CorrelationId= Request starting HTTP/1.1 GET http://localhost:5088/swagger/index.css - null null
[2026-05-10 17:40:32 INF] CorrelationId= Request starting HTTP/1.1 GET http://localhost:5088/swagger/swagger-ui-standalone-preset.js - null null
[2026-05-10 17:40:32 INF] CorrelationId= Request starting HTTP/1.1 GET http://localhost:5088/swagger/index.js - null null
[2026-05-10 17:40:32 INF] CorrelationId=7d31ace24525452db015eb71db54d30c HTTP GET /swagger/swagger-ui.css responded 304 in 0.1189 ms
[2026-05-10 17:40:32 INF] CorrelationId=3bf803cbd4c54eecb74ecc382bc32fca HTTP GET /swagger/swagger-ui-bundle.js responded 304 in 0.0738 ms
[2026-05-10 17:40:32 INF] CorrelationId=523fbbe152e44453bfbe2a30b8183721 HTTP GET /swagger/index.css responded 304 in 0.1032 ms
[2026-05-10 17:40:32 INF] CorrelationId=73aaa00ec97b4bf19812b32ac7e83e4b HTTP GET /swagger/swagger-ui-standalone-preset.js responded 304 in 0.1063 ms
[2026-05-10 17:40:32 INF] CorrelationId=e92728b7561448368ca8e607b8e2c0e9 HTTP GET /swagger/index.js responded 304 in 0.2583 ms
[2026-05-10 17:40:32 INF] CorrelationId= Request finished HTTP/1.1 GET http://localhost:5088/swagger/swagger-ui.css - 304 null null 15.6547ms
[2026-05-10 17:40:32 INF] CorrelationId= Request finished HTTP/1.1 GET http://localhost:5088/swagger/swagger-ui-bundle.js - 304 null null 15.714ms
[2026-05-10 17:40:32 INF] CorrelationId= Request finished HTTP/1.1 GET http://localhost:5088/swagger/index.css - 304 null null 19.2515ms
[2026-05-10 17:40:32 INF] CorrelationId= Request finished HTTP/1.1 GET http://localhost:5088/swagger/swagger-ui-standalone-preset.js - 304 null null 24.5269ms
[2026-05-10 17:40:32 INF] CorrelationId= Request starting HTTP/1.1 GET http://localhost:5088/swagger/swagger-ui-bundle.js - null null
[2026-05-10 17:40:32 INF] CorrelationId= Request finished HTTP/1.1 GET http://localhost:5088/swagger/index.js - 304 null null 32.2956ms
[2026-05-10 17:40:32 INF] CorrelationId= Request starting HTTP/1.1 GET http://localhost:5088/swagger/swagger-ui-standalone-preset.js - null null
[2026-05-10 17:40:32 INF] CorrelationId= Request starting HTTP/1.1 GET http://localhost:5088/swagger/index.js - null null
[2026-05-10 17:40:32 INF] CorrelationId=2ae1e8134ad54a26978df5f83141ad06 HTTP GET /swagger/swagger-ui-bundle.js responded 304 in 0.1089 ms
[2026-05-10 17:40:32 INF] CorrelationId=55775bb4d78441a2ab4910b7cfcf1e81 HTTP GET /swagger/swagger-ui-standalone-preset.js responded 304 in 0.1053 ms
[2026-05-10 17:40:32 INF] CorrelationId=d1365c5ef00c4077acb28cc735f81dc1 HTTP GET /swagger/index.js responded 304 in 0.4704 ms
[2026-05-10 17:40:32 INF] CorrelationId= Request finished HTTP/1.1 GET http://localhost:5088/swagger/swagger-ui-bundle.js - 304 null null 29.0735ms
[2026-05-10 17:40:32 INF] CorrelationId= Request finished HTTP/1.1 GET http://localhost:5088/swagger/swagger-ui-standalone-preset.js - 304 null null 30.2005ms
[2026-05-10 17:40:32 INF] CorrelationId= Request finished HTTP/1.1 GET http://localhost:5088/swagger/index.js - 304 null null 29.8812ms
[2026-05-10 17:40:32 INF] CorrelationId= Request starting HTTP/1.1 GET http://localhost:5088/swagger/v1/swagger.json - null null
[2026-05-10 17:40:32 INF] CorrelationId=ccfa4cd416a245a2b1adb99c2c132600 HTTP GET /swagger/v1/swagger.json responded 200 in 4.3636 ms
[2026-05-10 17:40:32 INF] CorrelationId= Request starting HTTP/1.1 GET http://localhost:5088/swagger/favicon-32x32.png - null null
[2026-05-10 17:40:32 INF] CorrelationId= Request finished HTTP/1.1 GET http://localhost:5088/swagger/v1/swagger.json - 200 null application/json;charset=utf-8 16.3319ms
[2026-05-10 17:40:32 INF] CorrelationId=e61182d6de6a40d9a056f9e014a6a294 HTTP GET /swagger/favicon-32x32.png responded 304 in 0.1118 ms
[2026-05-10 17:40:32 INF] CorrelationId= Request finished HTTP/1.1 GET http://localhost:5088/swagger/favicon-32x32.png - 304 null null 19.7836ms
[2026-05-10 17:42:46 INF] CorrelationId= Request starting HTTP/1.1 POST http://localhost:5088/api/v1/auth-test/token - application/x-www-form-urlencoded 0
[2026-05-10 17:42:46 WRN] CorrelationId=1f45df971565454491a09be392d7a93c Failed to determine the https port for redirect.
[2026-05-10 17:42:46 INF] CorrelationId=1f45df971565454491a09be392d7a93c Executing endpoint 'Directfn.Custody.SampleApi.Controllers.AuthTestController.GenerateToken (Directfn.Custody.SampleApi)'
[2026-05-10 17:42:46 INF] CorrelationId=1f45df971565454491a09be392d7a93c Route matched with {action = "GenerateToken", controller = "AuthTest"}. Executing controller action with signature Microsoft.AspNetCore.Mvc.IActionResult GenerateToken() on controller Directfn.Custody.SampleApi.Controllers.AuthTestController (Directfn.Custody.SampleApi).
[2026-05-10 17:42:46 INF] CorrelationId=1f45df971565454491a09be392d7a93c Executing OkObjectResult, writing value of type 'Directfn.Custody.ApiFramework.Responses.ApiResponse`1[[Directfn.Custody.ApiFramework.Authentication.TokenResult, Directfn.Custody.ApiFramework, Version=1.0.0.0, Culture=neutral, PublicKeyToken=null]]'.
[2026-05-10 17:42:46 INF] CorrelationId=1f45df971565454491a09be392d7a93c Executed action Directfn.Custody.SampleApi.Controllers.AuthTestController.GenerateToken (Directfn.Custody.SampleApi) in 106.7452ms
[2026-05-10 17:42:46 INF] CorrelationId=1f45df971565454491a09be392d7a93c Executed endpoint 'Directfn.Custody.SampleApi.Controllers.AuthTestController.GenerateToken (Directfn.Custody.SampleApi)'
[2026-05-10 17:42:46 INF] CorrelationId=1f45df971565454491a09be392d7a93c HTTP POST /api/v1/auth-test/token responded 200 in 165.0106 ms
[2026-05-10 17:42:46 INF] CorrelationId= Request finished HTTP/1.1 POST http://localhost:5088/api/v1/auth-test/token - 200 null application/json; charset=utf-8 172.4564ms
[2026-05-10 17:42:46 INF] CorrelationId= Request starting HTTP/1.1 GET http://localhost:5088/api/v1/secure-test/me - null null
[2026-05-10 17:42:46 INF] CorrelationId=47bc81bbee224f97aeb9b21a97dbf492 Executing endpoint 'Directfn.Custody.SampleApi.Controllers.SecureTestController.Me (Directfn.Custody.SampleApi)'
[2026-05-10 17:42:46 INF] CorrelationId=47bc81bbee224f97aeb9b21a97dbf492 Route matched with {action = "Me", controller = "SecureTest"}. Executing controller action with signature Microsoft.AspNetCore.Mvc.IActionResult Me() on controller Directfn.Custody.SampleApi.Controllers.SecureTestController (Directfn.Custody.SampleApi).
[2026-05-10 17:42:46 INF] CorrelationId=47bc81bbee224f97aeb9b21a97dbf492 Executing OkObjectResult, writing value of type 'Directfn.Custody.ApiFramework.Responses.ApiResponse`1[[<>f__AnonymousType1`6[[System.Boolean, System.Private.CoreLib, Version=10.0.0.0, Culture=neutral, PublicKeyToken=7cec85d7bea7798e],[System.String, System.Private.CoreLib, Version=10.0.0.0, Culture=neutral, PublicKeyToken=7cec85d7bea7798e],[System.String, System.Private.CoreLib, Version=10.0.0.0, Culture=neutral, PublicKeyToken=7cec85d7bea7798e],[System.String, System.Private.CoreLib, Version=10.0.0.0, Culture=neutral, PublicKeyToken=7cec85d7bea7798e],[System.String, System.Private.CoreLib, Version=10.0.0.0, Culture=neutral, PublicKeyToken=7cec85d7bea7798e],[System.Collections.Generic.IEnumerable`1[[<>f__AnonymousType2`2[[System.String, System.Private.CoreLib, Version=10.0.0.0, Culture=neutral, PublicKeyToken=7cec85d7bea7798e],[System.String, System.Private.CoreLib, Version=10.0.0.0, Culture=neutral, PublicKeyToken=7cec85d7bea7798e]], Directfn.Custody.SampleApi, Version=1.0.0.0, Culture=neutral, PublicKeyToken=null]], System.Private.CoreLib, Version=10.0.0.0, Culture=neutral, PublicKeyToken=7cec85d7bea7798e]], Directfn.Custody.SampleApi, Version=1.0.0.0, Culture=neutral, PublicKeyToken=null]]'.
[2026-05-10 17:42:46 INF] CorrelationId=47bc81bbee224f97aeb9b21a97dbf492 Executed action Directfn.Custody.SampleApi.Controllers.SecureTestController.Me (Directfn.Custody.SampleApi) in 23.2773ms
[2026-05-10 17:42:46 INF] CorrelationId=47bc81bbee224f97aeb9b21a97dbf492 Executed endpoint 'Directfn.Custody.SampleApi.Controllers.SecureTestController.Me (Directfn.Custody.SampleApi)'
[2026-05-10 17:42:46 INF] CorrelationId=47bc81bbee224f97aeb9b21a97dbf492 HTTP GET /api/v1/secure-test/me responded 200 in 94.6803 ms
[2026-05-10 17:42:46 INF] CorrelationId= Request finished HTTP/1.1 GET http://localhost:5088/api/v1/secure-test/me - 200 null application/json; charset=utf-8 99.3828ms
[2026-05-10 18:33:25 INF] CorrelationId= Application is shutting down...
[2026-05-10 18:33:34 INF] CorrelationId= User profile is available. Using 'C:\Users\THINKPAD\AppData\Local\ASP.NET\DataProtection-Keys' as key repository and Windows DPAPI to encrypt keys at rest.
[2026-05-10 18:33:35 INF] CorrelationId= Now listening on: http://localhost:5088
[2026-05-10 18:33:35 INF] CorrelationId= Application started. Press Ctrl+C to shut down.
[2026-05-10 18:33:35 INF] CorrelationId= Hosting environment: Development
[2026-05-10 18:33:35 INF] CorrelationId= Content root path: E:\Company\Custody-Revamp\CustodyApiPlatform\Directfn.Custody.SampleApi
[2026-05-10 18:33:39 INF] CorrelationId= Request starting HTTP/1.1 GET http://localhost:5088/swagger/index.html - null null
[2026-05-10 18:33:39 INF] CorrelationId=ce8ce60a3e0f43039ca0c7f957dde0cd HTTP GET /swagger/index.html responded 304 in 80.3203 ms
[2026-05-10 18:33:39 INF] CorrelationId= Request finished HTTP/1.1 GET http://localhost:5088/swagger/index.html - 304 null null 121.5377ms
[2026-05-10 18:33:39 INF] CorrelationId= Request starting HTTP/1.1 GET http://localhost:5088/swagger/swagger-ui.css - null null
[2026-05-10 18:33:39 INF] CorrelationId= Request starting HTTP/1.1 GET http://localhost:5088/swagger/index.js - null null
[2026-05-10 18:33:39 INF] CorrelationId= Request starting HTTP/1.1 GET http://localhost:5088/swagger/swagger-ui-bundle.js - null null
[2026-05-10 18:33:39 INF] CorrelationId= Request starting HTTP/1.1 GET http://localhost:5088/swagger/swagger-ui-standalone-preset.js - null null
[2026-05-10 18:33:39 INF] CorrelationId= Request starting HTTP/1.1 GET http://localhost:5088/swagger/index.css - null null
[2026-05-10 18:33:39 INF] CorrelationId=334489f6f5a848a2baef60a872b5e031 HTTP GET /swagger/index.js responded 304 in 0.7038 ms
[2026-05-10 18:33:39 INF] CorrelationId=7646c0a065d14cfbb3b02bfd022ce498 HTTP GET /swagger/swagger-ui-standalone-preset.js responded 304 in 12.3181 ms
[2026-05-10 18:33:39 INF] CorrelationId=c8d23ea047f94438be1117bc2cd594bb HTTP GET /swagger/index.css responded 304 in 2.7305 ms
[2026-05-10 18:33:39 INF] CorrelationId= Request finished HTTP/1.1 GET http://localhost:5088/swagger/index.css - 304 null null 29.3353ms
[2026-05-10 18:33:39 INF] CorrelationId= Request finished HTTP/1.1 GET http://localhost:5088/swagger/index.js - 304 null null 31.137ms
[2026-05-10 18:33:39 INF] CorrelationId=43aa391a479047f680791e18c5894920 HTTP GET /swagger/swagger-ui-bundle.js responded 304 in 15.6225 ms
[2026-05-10 18:33:39 INF] CorrelationId= Request finished HTTP/1.1 GET http://localhost:5088/swagger/swagger-ui-standalone-preset.js - 304 null null 29.017ms
[2026-05-10 18:33:39 INF] CorrelationId=dd951fe2f7684e068b5b56e35b2943a1 HTTP GET /swagger/swagger-ui.css responded 304 in 20.9924 ms
[2026-05-10 18:33:39 INF] CorrelationId= Request finished HTTP/1.1 GET http://localhost:5088/swagger/swagger-ui-bundle.js - 304 null null 42.8413ms
[2026-05-10 18:33:40 INF] CorrelationId= Request finished HTTP/1.1 GET http://localhost:5088/swagger/swagger-ui.css - 304 null null 50.0447ms
[2026-05-10 18:33:40 INF] CorrelationId= Request starting HTTP/1.1 GET http://localhost:5088/swagger/index.js - null null
[2026-05-10 18:33:40 INF] CorrelationId= Request starting HTTP/1.1 GET http://localhost:5088/swagger/swagger-ui-bundle.js - null null
[2026-05-10 18:33:40 INF] CorrelationId= Request starting HTTP/1.1 GET http://localhost:5088/swagger/swagger-ui-standalone-preset.js - null null
[2026-05-10 18:33:40 INF] CorrelationId=65b4130e372341dd8701a00c76189135 HTTP GET /swagger/index.js responded 304 in 0.2552 ms
[2026-05-10 18:33:40 INF] CorrelationId=0f250e10071c4dcaaef0914108023550 HTTP GET /swagger/swagger-ui-bundle.js responded 304 in 0.1038 ms
[2026-05-10 18:33:40 INF] CorrelationId=fd94dd5143174d9688dec84f4675910c HTTP GET /swagger/swagger-ui-standalone-preset.js responded 304 in 0.0968 ms
[2026-05-10 18:33:40 INF] CorrelationId= Request finished HTTP/1.1 GET http://localhost:5088/swagger/index.js - 304 null null 10.2418ms
[2026-05-10 18:33:40 INF] CorrelationId= Request finished HTTP/1.1 GET http://localhost:5088/swagger/swagger-ui-bundle.js - 304 null null 14.7292ms
[2026-05-10 18:33:40 INF] CorrelationId= Request finished HTTP/1.1 GET http://localhost:5088/swagger/swagger-ui-standalone-preset.js - 304 null null 20.349ms
[2026-05-10 18:33:40 INF] CorrelationId= Request starting HTTP/1.1 GET http://localhost:5088/swagger/v1/swagger.json - null null
[2026-05-10 18:33:40 INF] CorrelationId= Request starting HTTP/1.1 GET http://localhost:5088/swagger/favicon-32x32.png - null null
[2026-05-10 18:33:40 INF] CorrelationId=e6eec27262cf453c975df6bd485c6916 HTTP GET /swagger/favicon-32x32.png responded 304 in 0.2604 ms
[2026-05-10 18:33:40 INF] CorrelationId= Request finished HTTP/1.1 GET http://localhost:5088/swagger/favicon-32x32.png - 304 null null 23.5476ms
[2026-05-10 18:33:40 INF] CorrelationId=826f0c533632457ebda4e04f5b701661 HTTP GET /swagger/v1/swagger.json responded 200 in 127.1803 ms
[2026-05-10 18:33:40 INF] CorrelationId= Request finished HTTP/1.1 GET http://localhost:5088/swagger/v1/swagger.json - 200 null application/json;charset=utf-8 136.6011ms
[2026-05-10 18:33:41 INF] CorrelationId= Request starting HTTP/1.1 GET http://localhost:5088/swagger/index.html - null null
[2026-05-10 18:33:41 INF] CorrelationId=6707677ca4064346aa071831f9073e85 HTTP GET /swagger/index.html responded 304 in 0.2443 ms
[2026-05-10 18:33:41 INF] CorrelationId= Request finished HTTP/1.1 GET http://localhost:5088/swagger/index.html - 304 null null 6.4109ms
[2026-05-10 18:33:41 INF] CorrelationId= Request starting HTTP/1.1 GET http://localhost:5088/swagger/swagger-ui.css - null null
[2026-05-10 18:33:41 INF] CorrelationId= Request starting HTTP/1.1 GET http://localhost:5088/swagger/index.css - null null
[2026-05-10 18:33:41 INF] CorrelationId= Request starting HTTP/1.1 GET http://localhost:5088/swagger/swagger-ui-bundle.js - null null
[2026-05-10 18:33:41 INF] CorrelationId= Request starting HTTP/1.1 GET http://localhost:5088/swagger/swagger-ui-standalone-preset.js - null null
[2026-05-10 18:33:41 INF] CorrelationId= Request starting HTTP/1.1 GET http://localhost:5088/swagger/index.js - null null
[2026-05-10 18:33:41 INF] CorrelationId=e13b02978df046c1bf331723e185fcd7 HTTP GET /swagger/swagger-ui.css responded 304 in 0.2431 ms
[2026-05-10 18:33:41 INF] CorrelationId=e17cadec141b451f8cd71d3d928f0251 HTTP GET /swagger/index.css responded 304 in 0.1073 ms
[2026-05-10 18:33:41 INF] CorrelationId=c85b37028f5c491a8dd5b37b3a90eec0 HTTP GET /swagger/swagger-ui-bundle.js responded 304 in 0.0897 ms
[2026-05-10 18:33:41 INF] CorrelationId=bca5435643ec4b1cbc2d7a31c9b72005 HTTP GET /swagger/swagger-ui-standalone-preset.js responded 304 in 0.0941 ms
[2026-05-10 18:33:41 INF] CorrelationId=1ae17c76812644f295040675806ac3d8 HTTP GET /swagger/index.js responded 304 in 0.2484 ms
[2026-05-10 18:33:41 INF] CorrelationId= Request finished HTTP/1.1 GET http://localhost:5088/swagger/swagger-ui.css - 304 null null 15.3529ms
[2026-05-10 18:33:41 INF] CorrelationId= Request finished HTTP/1.1 GET http://localhost:5088/swagger/index.css - 304 null null 18.6311ms
[2026-05-10 18:33:41 INF] CorrelationId= Request finished HTTP/1.1 GET http://localhost:5088/swagger/swagger-ui-bundle.js - 304 null null 22.4097ms
[2026-05-10 18:33:41 INF] CorrelationId= Request finished HTTP/1.1 GET http://localhost:5088/swagger/swagger-ui-standalone-preset.js - 304 null null 28.6416ms
[2026-05-10 18:33:41 INF] CorrelationId= Request finished HTTP/1.1 GET http://localhost:5088/swagger/index.js - 304 null null 32.6921ms
[2026-05-10 18:33:41 INF] CorrelationId= Request starting HTTP/1.1 GET http://localhost:5088/swagger/v1/swagger.json - null null
[2026-05-10 18:33:41 INF] CorrelationId= Request starting HTTP/1.1 GET http://localhost:5088/swagger/favicon-32x32.png - null null
[2026-05-10 18:33:41 INF] CorrelationId=3c6a70b257fc4c1d92c6bf04e2298517 HTTP GET /swagger/favicon-32x32.png responded 304 in 0.0756 ms
[2026-05-10 18:33:41 INF] CorrelationId= Request finished HTTP/1.1 GET http://localhost:5088/swagger/favicon-32x32.png - 304 null null 6.5584ms
[2026-05-10 18:33:41 INF] CorrelationId=c691d11955414fbd85626a8fa1525a9d HTTP GET /swagger/v1/swagger.json responded 200 in 4.2396 ms
[2026-05-10 18:33:41 INF] CorrelationId= Request finished HTTP/1.1 GET http://localhost:5088/swagger/v1/swagger.json - 200 null application/json;charset=utf-8 17.2886ms
[2026-05-10 18:33:41 INF] CorrelationId= Request starting HTTP/1.1 GET http://localhost:5088/swagger/swagger-ui-bundle.js - null null
[2026-05-10 18:33:41 INF] CorrelationId= Request starting HTTP/1.1 GET http://localhost:5088/swagger/swagger-ui-standalone-preset.js - null null
[2026-05-10 18:33:41 INF] CorrelationId= Request starting HTTP/1.1 GET http://localhost:5088/swagger/index.js - null null
[2026-05-10 18:33:41 INF] CorrelationId=e74f8213e13d4079bae50844276a63c3 HTTP GET /swagger/swagger-ui-bundle.js responded 304 in 0.0979 ms
[2026-05-10 18:33:41 INF] CorrelationId=f0e7c955a4234c89aaf812fb16935696 HTTP GET /swagger/swagger-ui-standalone-preset.js responded 304 in 0.1137 ms
[2026-05-10 18:33:41 INF] CorrelationId=3439d94af05d47b5ae1035500efbbca8 HTTP GET /swagger/index.js responded 304 in 0.3547 ms
[2026-05-10 18:33:41 INF] CorrelationId= Request finished HTTP/1.1 GET http://localhost:5088/swagger/index.js - 304 null null 15.8503ms
[2026-05-10 18:33:41 INF] CorrelationId= Request finished HTTP/1.1 GET http://localhost:5088/swagger/swagger-ui-standalone-preset.js - 304 null null 12.5878ms
[2026-05-10 18:33:41 INF] CorrelationId= Request finished HTTP/1.1 GET http://localhost:5088/swagger/swagger-ui-bundle.js - 304 null null 10.2769ms
[2026-05-10 18:33:41 INF] CorrelationId= Request starting HTTP/1.1 GET http://localhost:5088/swagger/index.html - null null
[2026-05-10 18:33:41 INF] CorrelationId=dba5c59e559f4042a169ad72f13c9c50 HTTP GET /swagger/index.html responded 304 in 0.3025 ms
[2026-05-10 18:33:41 INF] CorrelationId= Request finished HTTP/1.1 GET http://localhost:5088/swagger/index.html - 304 null null 8.8725ms
[2026-05-10 18:33:41 INF] CorrelationId= Request starting HTTP/1.1 GET http://localhost:5088/swagger/swagger-ui.css - null null
[2026-05-10 18:33:41 INF] CorrelationId= Request starting HTTP/1.1 GET http://localhost:5088/swagger/index.css - null null
[2026-05-10 18:33:41 INF] CorrelationId= Request starting HTTP/1.1 GET http://localhost:5088/swagger/swagger-ui-standalone-preset.js - null null
[2026-05-10 18:33:41 INF] CorrelationId= Request starting HTTP/1.1 GET http://localhost:5088/swagger/swagger-ui-bundle.js - null null
[2026-05-10 18:33:41 INF] CorrelationId= Request starting HTTP/1.1 GET http://localhost:5088/swagger/index.js - null null
[2026-05-10 18:33:41 INF] CorrelationId=ef4b552a6b9e4cb0b38220a3122501cd HTTP GET /swagger/swagger-ui.css responded 304 in 0.1271 ms
[2026-05-10 18:33:41 INF] CorrelationId=88712797ff12429f8c79b2385d70dd8b HTTP GET /swagger/index.css responded 304 in 0.1230 ms
[2026-05-10 18:33:41 INF] CorrelationId=0bb02e878cec4b27b00e70a8afbb5aed HTTP GET /swagger/swagger-ui-standalone-preset.js responded 304 in 0.0830 ms
[2026-05-10 18:33:41 INF] CorrelationId=0f4ff0135b694546b6189668d7d83402 HTTP GET /swagger/swagger-ui-bundle.js responded 304 in 0.0839 ms
[2026-05-10 18:33:41 INF] CorrelationId=974a402c12004e09a1f969bb475682f2 HTTP GET /swagger/index.js responded 304 in 0.3041 ms
[2026-05-10 18:33:41 INF] CorrelationId= Request finished HTTP/1.1 GET http://localhost:5088/swagger/swagger-ui.css - 304 null null 22.1262ms
[2026-05-10 18:33:41 INF] CorrelationId= Request finished HTTP/1.1 GET http://localhost:5088/swagger/index.css - 304 null null 26.9449ms
[2026-05-10 18:33:41 INF] CorrelationId= Request finished HTTP/1.1 GET http://localhost:5088/swagger/swagger-ui-standalone-preset.js - 304 null null 27.5644ms
[2026-05-10 18:33:41 INF] CorrelationId= Request finished HTTP/1.1 GET http://localhost:5088/swagger/swagger-ui-bundle.js - 304 null null 33.0279ms
[2026-05-10 18:33:41 INF] CorrelationId= Request finished HTTP/1.1 GET http://localhost:5088/swagger/index.js - 304 null null 44.304ms
[2026-05-10 18:33:41 INF] CorrelationId= Request starting HTTP/1.1 GET http://localhost:5088/swagger/v1/swagger.json - null null
[2026-05-10 18:33:41 INF] CorrelationId= Request starting HTTP/1.1 GET http://localhost:5088/swagger/favicon-32x32.png - null null
[2026-05-10 18:33:41 INF] CorrelationId=b0d0ef4d9b07482dba4877df0ef66e4a HTTP GET /swagger/favicon-32x32.png responded 304 in 0.0700 ms
[2026-05-10 18:33:41 INF] CorrelationId=d8f6ac5cd48a42a482be0ee584570e09 HTTP GET /swagger/v1/swagger.json responded 200 in 2.5266 ms
[2026-05-10 18:33:41 INF] CorrelationId= Request finished HTTP/1.1 GET http://localhost:5088/swagger/favicon-32x32.png - 304 null null 5.8345ms
[2026-05-10 18:33:41 INF] CorrelationId= Request finished HTTP/1.1 GET http://localhost:5088/swagger/v1/swagger.json - 200 null application/json;charset=utf-8 24.364ms
[2026-05-10 18:33:42 INF] CorrelationId= Request starting HTTP/1.1 GET http://localhost:5088/swagger/swagger-ui-standalone-preset.js - null null
[2026-05-10 18:33:42 INF] CorrelationId= Request starting HTTP/1.1 GET http://localhost:5088/swagger/swagger-ui-bundle.js - null null
[2026-05-10 18:33:42 INF] CorrelationId= Request starting HTTP/1.1 GET http://localhost:5088/swagger/index.js - null null
[2026-05-10 18:33:42 INF] CorrelationId=1a489166553d47adb09337e81f20d3c6 HTTP GET /swagger/swagger-ui-standalone-preset.js responded 304 in 0.0860 ms
[2026-05-10 18:33:42 INF] CorrelationId=d4d1bc8764494c2f81e33eafc15f3509 HTTP GET /swagger/swagger-ui-bundle.js responded 304 in 0.0842 ms
[2026-05-10 18:33:42 INF] CorrelationId=79d61a11694f4cbe9faf6ae62e5a1aec HTTP GET /swagger/index.js responded 304 in 0.2180 ms
[2026-05-10 18:33:42 INF] CorrelationId= Request finished HTTP/1.1 GET http://localhost:5088/swagger/swagger-ui-standalone-preset.js - 304 null null 10.4077ms
[2026-05-10 18:33:42 INF] CorrelationId= Request finished HTTP/1.1 GET http://localhost:5088/swagger/swagger-ui-bundle.js - 304 null null 12.5043ms
[2026-05-10 18:33:42 INF] CorrelationId= Request finished HTTP/1.1 GET http://localhost:5088/swagger/index.js - 304 null null 16.7042ms
[2026-05-10 18:33:42 INF] CorrelationId= Request starting HTTP/1.1 GET http://localhost:5088/swagger/index.html - null null
[2026-05-10 18:33:42 INF] CorrelationId=3b203f5855884a9189a5d87f36500785 HTTP GET /swagger/index.html responded 304 in 0.1451 ms
[2026-05-10 18:33:42 INF] CorrelationId= Request finished HTTP/1.1 GET http://localhost:5088/swagger/index.html - 304 null null 4.5801ms
[2026-05-10 18:33:42 INF] CorrelationId= Request starting HTTP/1.1 GET http://localhost:5088/swagger/swagger-ui.css - null null
[2026-05-10 18:33:42 INF] CorrelationId= Request starting HTTP/1.1 GET http://localhost:5088/swagger/index.css - null null
[2026-05-10 18:33:42 INF] CorrelationId=571c47cce97847f88d54bd40819c8d17 HTTP GET /swagger/swagger-ui.css responded 304 in 0.0787 ms
[2026-05-10 18:33:42 INF] CorrelationId= Request starting HTTP/1.1 GET http://localhost:5088/swagger/swagger-ui-standalone-preset.js - null null
[2026-05-10 18:33:42 INF] CorrelationId= Request starting HTTP/1.1 GET http://localhost:5088/swagger/swagger-ui-bundle.js - null null
[2026-05-10 18:33:42 INF] CorrelationId= Request starting HTTP/1.1 GET http://localhost:5088/swagger/index.js - null null
[2026-05-10 18:33:42 INF] CorrelationId=01dc03ebff114eabafe266f1bc44050a HTTP GET /swagger/index.css responded 304 in 0.0694 ms
[2026-05-10 18:33:42 INF] CorrelationId= Request finished HTTP/1.1 GET http://localhost:5088/swagger/swagger-ui.css - 304 null null 8.4582ms
[2026-05-10 18:33:42 INF] CorrelationId=5eb6b8d2a43344f6b8b412a4553048fb HTTP GET /swagger/swagger-ui-standalone-preset.js responded 304 in 0.0726 ms
[2026-05-10 18:33:42 INF] CorrelationId=ef66b7a9461a4c0a8cd66f7bb98f7fe1 HTTP GET /swagger/swagger-ui-bundle.js responded 304 in 0.0936 ms
[2026-05-10 18:33:42 INF] CorrelationId=1b54ca5831b0495680d9d6fe17f6ed9c HTTP GET /swagger/index.js responded 304 in 0.2220 ms
[2026-05-10 18:33:42 INF] CorrelationId= Request finished HTTP/1.1 GET http://localhost:5088/swagger/index.css - 304 null null 16.6042ms
[2026-05-10 18:33:42 INF] CorrelationId= Request finished HTTP/1.1 GET http://localhost:5088/swagger/swagger-ui-standalone-preset.js - 304 null null 16.4855ms
[2026-05-10 18:33:42 INF] CorrelationId= Request finished HTTP/1.1 GET http://localhost:5088/swagger/swagger-ui-bundle.js - 304 null null 63.4839ms
[2026-05-10 18:33:42 INF] CorrelationId= Request finished HTTP/1.1 GET http://localhost:5088/swagger/index.js - 304 null null 65.6147ms
[2026-05-10 18:33:42 INF] CorrelationId= Request starting HTTP/1.1 GET http://localhost:5088/swagger/v1/swagger.json - null null
[2026-05-10 18:33:42 INF] CorrelationId= Request starting HTTP/1.1 GET http://localhost:5088/swagger/favicon-32x32.png - null null
[2026-05-10 18:33:42 INF] CorrelationId=74b1c71b6a6a4f449d3d7dceca4df5ab HTTP GET /swagger/v1/swagger.json responded 200 in 2.0452 ms
[2026-05-10 18:33:42 INF] CorrelationId=be86c23e37f94904b892ce24b5f0f1b4 HTTP GET /swagger/favicon-32x32.png responded 304 in 0.1175 ms
[2026-05-10 18:33:42 INF] CorrelationId= Request finished HTTP/1.1 GET http://localhost:5088/swagger/v1/swagger.json - 200 null application/json;charset=utf-8 11.2703ms
[2026-05-10 18:33:42 INF] CorrelationId= Request finished HTTP/1.1 GET http://localhost:5088/swagger/favicon-32x32.png - 304 null null 8.297ms
[2026-05-10 18:33:42 INF] CorrelationId= Request starting HTTP/1.1 GET http://localhost:5088/swagger/swagger-ui-bundle.js - null null
[2026-05-10 18:33:42 INF] CorrelationId= Request starting HTTP/1.1 GET http://localhost:5088/swagger/swagger-ui-standalone-preset.js - null null
[2026-05-10 18:33:42 INF] CorrelationId=c522bad8a0c348369b3281815cec3faa HTTP GET /swagger/swagger-ui-bundle.js responded 304 in 0.1976 ms
[2026-05-10 18:33:42 INF] CorrelationId=9b75479312b9401cb4be103d79511715 HTTP GET /swagger/swagger-ui-standalone-preset.js responded 304 in 0.0684 ms
[2026-05-10 18:33:43 INF] CorrelationId= Request finished HTTP/1.1 GET http://localhost:5088/swagger/swagger-ui-bundle.js - 304 null null 12.3366ms
[2026-05-10 18:33:43 INF] CorrelationId= Request finished HTTP/1.1 GET http://localhost:5088/swagger/swagger-ui-standalone-preset.js - 304 null null 17.1324ms
[2026-05-10 18:33:43 INF] CorrelationId= Request starting HTTP/1.1 GET http://localhost:5088/swagger/index.js - null null
[2026-05-10 18:33:43 INF] CorrelationId=c29d397f6dc0483883180b5ecad41e63 HTTP GET /swagger/index.js responded 304 in 0.3593 ms
[2026-05-10 18:33:43 INF] CorrelationId= Request finished HTTP/1.1 GET http://localhost:5088/swagger/index.js - 304 null null 4.9918ms
[2026-05-10 18:35:40 INF] CorrelationId= Application is shutting down...
[2026-05-10 18:35:45 INF] CorrelationId= User profile is available. Using 'C:\Users\THINKPAD\AppData\Local\ASP.NET\DataProtection-Keys' as key repository and Windows DPAPI to encrypt keys at rest.
[2026-05-10 18:35:45 INF] CorrelationId= Now listening on: http://localhost:5088
[2026-05-10 18:35:45 INF] CorrelationId= Application started. Press Ctrl+C to shut down.
[2026-05-10 18:35:45 INF] CorrelationId= Hosting environment: Development
[2026-05-10 18:35:45 INF] CorrelationId= Content root path: E:\Company\Custody-Revamp\CustodyApiPlatform\Directfn.Custody.SampleApi
[2026-05-10 18:35:53 INF] CorrelationId= Request starting HTTP/1.1 GET http://localhost:5088/swagger/index.html - null null
[2026-05-10 18:35:53 INF] CorrelationId=041dde48c2204fc08ba6f11aef8970d8 HTTP GET /swagger/index.html responded 304 in 67.1497 ms
[2026-05-10 18:35:53 INF] CorrelationId= Request finished HTTP/1.1 GET http://localhost:5088/swagger/index.html - 304 null null 100.3709ms
[2026-05-10 18:35:53 INF] CorrelationId= Request starting HTTP/1.1 GET http://localhost:5088/swagger/index.css - null null
[2026-05-10 18:35:53 INF] CorrelationId= Request starting HTTP/1.1 GET http://localhost:5088/swagger/swagger-ui.css - null null
[2026-05-10 18:35:53 INF] CorrelationId= Request starting HTTP/1.1 GET http://localhost:5088/swagger/swagger-ui-bundle.js - null null
[2026-05-10 18:35:53 INF] CorrelationId= Request starting HTTP/1.1 GET http://localhost:5088/swagger/swagger-ui-standalone-preset.js - null null
[2026-05-10 18:35:53 INF] CorrelationId= Request starting HTTP/1.1 GET http://localhost:5088/swagger/index.js - null null
[2026-05-10 18:35:53 INF] CorrelationId=2df0bf0790da44e2a0cc368024c8422a HTTP GET /swagger/index.js responded 304 in 0.4999 ms
[2026-05-10 18:35:53 INF] CorrelationId= Request finished HTTP/1.1 GET http://localhost:5088/swagger/index.js - 304 null null 17.3714ms
[2026-05-10 18:35:53 INF] CorrelationId=397f8f77b83c481ca7f6d2a822426a14 HTTP GET /swagger/swagger-ui-standalone-preset.js responded 304 in 14.4869 ms
[2026-05-10 18:35:53 INF] CorrelationId=79ff9992e7b0463db0c7577ca235d566 HTTP GET /swagger/swagger-ui.css responded 304 in 19.9860 ms
[2026-05-10 18:35:53 INF] CorrelationId=ed2aab375c2a447cab50531b9e3ac884 HTTP GET /swagger/index.css responded 304 in 20.8956 ms
[2026-05-10 18:35:53 INF] CorrelationId=64c250680e464516af651793875a611b HTTP GET /swagger/swagger-ui-bundle.js responded 304 in 17.4284 ms
[2026-05-10 18:35:53 INF] CorrelationId= Request finished HTTP/1.1 GET http://localhost:5088/swagger/swagger-ui-standalone-preset.js - 304 null null 29.1633ms
[2026-05-10 18:35:53 INF] CorrelationId= Request finished HTTP/1.1 GET http://localhost:5088/swagger/swagger-ui.css - 304 null null 32.6342ms
[2026-05-10 18:35:53 INF] CorrelationId= Request finished HTTP/1.1 GET http://localhost:5088/swagger/index.css - 304 null null 34.3454ms
[2026-05-10 18:35:53 INF] CorrelationId= Request finished HTTP/1.1 GET http://localhost:5088/swagger/swagger-ui-bundle.js - 304 null null 34.7766ms
[2026-05-10 18:35:53 INF] CorrelationId= Request starting HTTP/1.1 GET http://localhost:5088/swagger/index.js - null null
[2026-05-10 18:35:53 INF] CorrelationId= Request starting HTTP/1.1 GET http://localhost:5088/swagger/swagger-ui-standalone-preset.js - null null
[2026-05-10 18:35:53 INF] CorrelationId= Request starting HTTP/1.1 GET http://localhost:5088/swagger/swagger-ui-bundle.js - null null
[2026-05-10 18:35:54 INF] CorrelationId=8eb04ee7552a49ecaaaa870d8510265c HTTP GET /swagger/index.js responded 304 in 0.5418 ms
[2026-05-10 18:35:54 INF] CorrelationId=8c968f3182354eef96ab95ce47a23605 HTTP GET /swagger/swagger-ui-standalone-preset.js responded 304 in 0.0915 ms
[2026-05-10 18:35:54 INF] CorrelationId=24229f9731f34962ba9268f7c8affcba HTTP GET /swagger/swagger-ui-bundle.js responded 304 in 0.1024 ms
[2026-05-10 18:35:54 INF] CorrelationId= Request finished HTTP/1.1 GET http://localhost:5088/swagger/index.js - 304 null null 11.0855ms
[2026-05-10 18:35:54 INF] CorrelationId= Request finished HTTP/1.1 GET http://localhost:5088/swagger/swagger-ui-standalone-preset.js - 304 null null 13.0814ms
[2026-05-10 18:35:54 INF] CorrelationId= Request finished HTTP/1.1 GET http://localhost:5088/swagger/swagger-ui-bundle.js - 304 null null 14.8398ms
[2026-05-10 18:35:54 INF] CorrelationId= Request starting HTTP/1.1 GET http://localhost:5088/swagger/v1/swagger.json - null null
[2026-05-10 18:35:54 INF] CorrelationId= Request starting HTTP/1.1 GET http://localhost:5088/swagger/favicon-32x32.png - null null
[2026-05-10 18:35:54 INF] CorrelationId=22e6811abe944e3695f37cfed638d6c1 HTTP GET /swagger/favicon-32x32.png responded 304 in 0.3184 ms
[2026-05-10 18:35:54 INF] CorrelationId= Request finished HTTP/1.1 GET http://localhost:5088/swagger/favicon-32x32.png - 304 null null 11.6739ms
[2026-05-10 18:35:54 INF] CorrelationId=6c50e03824914262b4f230336ff27cfe HTTP GET /swagger/v1/swagger.json responded 200 in 147.7012 ms
[2026-05-10 18:35:54 INF] CorrelationId= Request finished HTTP/1.1 GET http://localhost:5088/swagger/v1/swagger.json - 200 null application/json;charset=utf-8 155.9377ms
[2026-05-10 18:36:31 INF] CorrelationId= Request starting HTTP/1.1 POST http://localhost:5088/api/v1/password-test/hash - application/json 26
[2026-05-10 18:36:31 WRN] CorrelationId=4ac817bf99ca4c5e952a04588a4b17ed Failed to determine the https port for redirect.
[2026-05-10 18:36:31 INF] CorrelationId=4ac817bf99ca4c5e952a04588a4b17ed CORS policy execution failed.
[2026-05-10 18:36:31 INF] CorrelationId=4ac817bf99ca4c5e952a04588a4b17ed Request origin http://localhost:5088 does not have permission to access the resource.
[2026-05-10 18:36:32 INF] CorrelationId=4ac817bf99ca4c5e952a04588a4b17ed Executing endpoint 'Directfn.Custody.SampleApi.Controllers.PasswordTestController.Hash (Directfn.Custody.SampleApi)'
[2026-05-10 18:36:32 INF] CorrelationId=4ac817bf99ca4c5e952a04588a4b17ed Route matched with {action = "Hash", controller = "PasswordTest"}. Executing controller action with signature Microsoft.AspNetCore.Mvc.IActionResult Hash(Directfn.Custody.SampleApi.Controllers.PasswordHashTestRequest) on controller Directfn.Custody.SampleApi.Controllers.PasswordTestController (Directfn.Custody.SampleApi).
[2026-05-10 18:36:32 INF] CorrelationId=4ac817bf99ca4c5e952a04588a4b17ed Executing OkObjectResult, writing value of type 'Directfn.Custody.ApiFramework.Responses.ApiResponse`1[[<>f__AnonymousType1`1[[System.String, System.Private.CoreLib, Version=10.0.0.0, Culture=neutral, PublicKeyToken=7cec85d7bea7798e]], Directfn.Custody.SampleApi, Version=1.0.0.0, Culture=neutral, PublicKeyToken=null]]'.
[2026-05-10 18:36:32 INF] CorrelationId=4ac817bf99ca4c5e952a04588a4b17ed Executed action Directfn.Custody.SampleApi.Controllers.PasswordTestController.Hash (Directfn.Custody.SampleApi) in 146.5439ms
[2026-05-10 18:36:32 INF] CorrelationId=4ac817bf99ca4c5e952a04588a4b17ed Executed endpoint 'Directfn.Custody.SampleApi.Controllers.PasswordTestController.Hash (Directfn.Custody.SampleApi)'
[2026-05-10 18:36:32 INF] CorrelationId=4ac817bf99ca4c5e952a04588a4b17ed HTTP POST /api/v1/password-test/hash responded 200 in 204.2921 ms
[2026-05-10 18:36:32 INF] CorrelationId= Request finished HTTP/1.1 POST http://localhost:5088/api/v1/password-test/hash - 200 null application/json; charset=utf-8 213.147ms
[2026-05-10 18:37:04 INF] CorrelationId= Request starting HTTP/1.1 POST http://localhost:5088/api/v1/password-test/verify - application/json 133
[2026-05-10 18:37:04 INF] CorrelationId=7146f7675129418abf711ccb7937526e CORS policy execution failed.
[2026-05-10 18:37:04 INF] CorrelationId=7146f7675129418abf711ccb7937526e Request origin http://localhost:5088 does not have permission to access the resource.
[2026-05-10 18:37:04 INF] CorrelationId=7146f7675129418abf711ccb7937526e Executing endpoint 'Directfn.Custody.SampleApi.Controllers.PasswordTestController.Verify (Directfn.Custody.SampleApi)'
[2026-05-10 18:37:04 INF] CorrelationId=7146f7675129418abf711ccb7937526e Route matched with {action = "Verify", controller = "PasswordTest"}. Executing controller action with signature Microsoft.AspNetCore.Mvc.IActionResult Verify(Directfn.Custody.SampleApi.Controllers.PasswordVerifyTestRequest) on controller Directfn.Custody.SampleApi.Controllers.PasswordTestController (Directfn.Custody.SampleApi).
[2026-05-10 18:37:04 INF] CorrelationId=7146f7675129418abf711ccb7937526e Executing OkObjectResult, writing value of type 'Directfn.Custody.ApiFramework.Responses.ApiResponse`1[[<>f__AnonymousType2`2[[System.String, System.Private.CoreLib, Version=10.0.0.0, Culture=neutral, PublicKeyToken=7cec85d7bea7798e],[System.Boolean, System.Private.CoreLib, Version=10.0.0.0, Culture=neutral, PublicKeyToken=7cec85d7bea7798e]], Directfn.Custody.SampleApi, Version=1.0.0.0, Culture=neutral, PublicKeyToken=null]]'.
[2026-05-10 18:37:04 INF] CorrelationId=7146f7675129418abf711ccb7937526e Executed action Directfn.Custody.SampleApi.Controllers.PasswordTestController.Verify (Directfn.Custody.SampleApi) in 126.3484ms
[2026-05-10 18:37:04 INF] CorrelationId=7146f7675129418abf711ccb7937526e Executed endpoint 'Directfn.Custody.SampleApi.Controllers.PasswordTestController.Verify (Directfn.Custody.SampleApi)'
[2026-05-10 18:37:04 INF] CorrelationId=7146f7675129418abf711ccb7937526e HTTP POST /api/v1/password-test/verify responded 200 in 144.2508 ms
[2026-05-10 18:37:04 INF] CorrelationId= Request finished HTTP/1.1 POST http://localhost:5088/api/v1/password-test/verify - 200 null application/json; charset=utf-8 151.1092ms
[2026-05-10 18:37:14 INF] CorrelationId= Request starting HTTP/1.1 POST http://localhost:5088/api/v1/password-test/verify - application/json 132
[2026-05-10 18:37:14 INF] CorrelationId=441e077f5c214003aa1aa6754e14cb89 CORS policy execution failed.
[2026-05-10 18:37:14 INF] CorrelationId=441e077f5c214003aa1aa6754e14cb89 Request origin http://localhost:5088 does not have permission to access the resource.
[2026-05-10 18:37:14 INF] CorrelationId=441e077f5c214003aa1aa6754e14cb89 Executing endpoint 'Directfn.Custody.SampleApi.Controllers.PasswordTestController.Verify (Directfn.Custody.SampleApi)'
[2026-05-10 18:37:14 INF] CorrelationId=441e077f5c214003aa1aa6754e14cb89 Route matched with {action = "Verify", controller = "PasswordTest"}. Executing controller action with signature Microsoft.AspNetCore.Mvc.IActionResult Verify(Directfn.Custody.SampleApi.Controllers.PasswordVerifyTestRequest) on controller Directfn.Custody.SampleApi.Controllers.PasswordTestController (Directfn.Custody.SampleApi).
[2026-05-10 18:37:14 INF] CorrelationId=441e077f5c214003aa1aa6754e14cb89 Executing OkObjectResult, writing value of type 'Directfn.Custody.ApiFramework.Responses.ApiResponse`1[[<>f__AnonymousType2`2[[System.String, System.Private.CoreLib, Version=10.0.0.0, Culture=neutral, PublicKeyToken=7cec85d7bea7798e],[System.Boolean, System.Private.CoreLib, Version=10.0.0.0, Culture=neutral, PublicKeyToken=7cec85d7bea7798e]], Directfn.Custody.SampleApi, Version=1.0.0.0, Culture=neutral, PublicKeyToken=null]]'.
[2026-05-10 18:37:14 INF] CorrelationId=441e077f5c214003aa1aa6754e14cb89 Executed action Directfn.Custody.SampleApi.Controllers.PasswordTestController.Verify (Directfn.Custody.SampleApi) in 70.6881ms
[2026-05-10 18:37:14 INF] CorrelationId=441e077f5c214003aa1aa6754e14cb89 Executed endpoint 'Directfn.Custody.SampleApi.Controllers.PasswordTestController.Verify (Directfn.Custody.SampleApi)'
[2026-05-10 18:37:14 INF] CorrelationId=441e077f5c214003aa1aa6754e14cb89 HTTP POST /api/v1/password-test/verify responded 200 in 87.5387 ms
[2026-05-10 18:37:14 INF] CorrelationId= Request finished HTTP/1.1 POST http://localhost:5088/api/v1/password-test/verify - 200 null application/json; charset=utf-8 92.2201ms
[2026-05-10 18:38:49 INF] CorrelationId= Request starting HTTP/1.1 POST http://localhost:5088/api/v1/password-test/verify-legacy - application/json 75
[2026-05-10 18:38:49 INF] CorrelationId=5186327753184464b34351759c949676 CORS policy execution failed.
[2026-05-10 18:38:49 INF] CorrelationId=5186327753184464b34351759c949676 Request origin http://localhost:5088 does not have permission to access the resource.
[2026-05-10 18:38:49 INF] CorrelationId=5186327753184464b34351759c949676 Executing endpoint 'Directfn.Custody.SampleApi.Controllers.PasswordTestController.VerifyLegacy (Directfn.Custody.SampleApi)'
[2026-05-10 18:38:49 INF] CorrelationId=5186327753184464b34351759c949676 Route matched with {action = "VerifyLegacy", controller = "PasswordTest"}. Executing controller action with signature Microsoft.AspNetCore.Mvc.IActionResult VerifyLegacy(Directfn.Custody.SampleApi.Controllers.LegacyPasswordVerifyTestRequest) on controller Directfn.Custody.SampleApi.Controllers.PasswordTestController (Directfn.Custody.SampleApi).
[2026-05-10 18:38:49 INF] CorrelationId=5186327753184464b34351759c949676 Executing OkObjectResult, writing value of type 'Directfn.Custody.ApiFramework.Responses.ApiResponse`1[[<>f__AnonymousType3`1[[System.Boolean, System.Private.CoreLib, Version=10.0.0.0, Culture=neutral, PublicKeyToken=7cec85d7bea7798e]], Directfn.Custody.SampleApi, Version=1.0.0.0, Culture=neutral, PublicKeyToken=null]]'.
[2026-05-10 18:38:49 INF] CorrelationId=5186327753184464b34351759c949676 Executed action Directfn.Custody.SampleApi.Controllers.PasswordTestController.VerifyLegacy (Directfn.Custody.SampleApi) in 16.5761ms
[2026-05-10 18:38:49 INF] CorrelationId=5186327753184464b34351759c949676 Executed endpoint 'Directfn.Custody.SampleApi.Controllers.PasswordTestController.VerifyLegacy (Directfn.Custody.SampleApi)'
[2026-05-10 18:38:49 INF] CorrelationId=5186327753184464b34351759c949676 HTTP POST /api/v1/password-test/verify-legacy responded 200 in 28.8515 ms
[2026-05-10 18:38:49 INF] CorrelationId= Request finished HTTP/1.1 POST http://localhost:5088/api/v1/password-test/verify-legacy - 200 null application/json; charset=utf-8 34.4056ms
[2026-05-10 18:39:01 INF] CorrelationId= Request starting HTTP/1.1 POST http://localhost:5088/api/v1/password-test/verify-legacy - application/json 77
[2026-05-10 18:39:01 INF] CorrelationId=10a7eeb631194b518d812cbc1caebb49 CORS policy execution failed.
[2026-05-10 18:39:01 INF] CorrelationId=10a7eeb631194b518d812cbc1caebb49 Request origin http://localhost:5088 does not have permission to access the resource.
[2026-05-10 18:39:01 INF] CorrelationId=10a7eeb631194b518d812cbc1caebb49 Executing endpoint 'Directfn.Custody.SampleApi.Controllers.PasswordTestController.VerifyLegacy (Directfn.Custody.SampleApi)'
[2026-05-10 18:39:01 INF] CorrelationId=10a7eeb631194b518d812cbc1caebb49 Route matched with {action = "VerifyLegacy", controller = "PasswordTest"}. Executing controller action with signature Microsoft.AspNetCore.Mvc.IActionResult VerifyLegacy(Directfn.Custody.SampleApi.Controllers.LegacyPasswordVerifyTestRequest) on controller Directfn.Custody.SampleApi.Controllers.PasswordTestController (Directfn.Custody.SampleApi).
[2026-05-10 18:39:01 INF] CorrelationId=10a7eeb631194b518d812cbc1caebb49 Executing OkObjectResult, writing value of type 'Directfn.Custody.ApiFramework.Responses.ApiResponse`1[[<>f__AnonymousType3`1[[System.Boolean, System.Private.CoreLib, Version=10.0.0.0, Culture=neutral, PublicKeyToken=7cec85d7bea7798e]], Directfn.Custody.SampleApi, Version=1.0.0.0, Culture=neutral, PublicKeyToken=null]]'.
[2026-05-10 18:39:01 INF] CorrelationId=10a7eeb631194b518d812cbc1caebb49 Executed action Directfn.Custody.SampleApi.Controllers.PasswordTestController.VerifyLegacy (Directfn.Custody.SampleApi) in 2.6916ms
[2026-05-10 18:39:01 INF] CorrelationId=10a7eeb631194b518d812cbc1caebb49 Executed endpoint 'Directfn.Custody.SampleApi.Controllers.PasswordTestController.VerifyLegacy (Directfn.Custody.SampleApi)'
[2026-05-10 18:39:01 INF] CorrelationId=10a7eeb631194b518d812cbc1caebb49 HTTP POST /api/v1/password-test/verify-legacy responded 200 in 13.7815 ms
[2026-05-10 18:39:01 INF] CorrelationId= Request finished HTTP/1.1 POST http://localhost:5088/api/v1/password-test/verify-legacy - 200 null application/json; charset=utf-8 18.0831ms
[2026-05-10 18:39:10 INF] CorrelationId= Request starting HTTP/1.1 POST http://localhost:5088/api/v1/password-test/verify-legacy - application/json 78
[2026-05-10 18:39:10 INF] CorrelationId=3d335a47b9c94909a0a31cc2642be289 CORS policy execution failed.
[2026-05-10 18:39:10 INF] CorrelationId=3d335a47b9c94909a0a31cc2642be289 Request origin http://localhost:5088 does not have permission to access the resource.
[2026-05-10 18:39:10 INF] CorrelationId=3d335a47b9c94909a0a31cc2642be289 Executing endpoint 'Directfn.Custody.SampleApi.Controllers.PasswordTestController.VerifyLegacy (Directfn.Custody.SampleApi)'
[2026-05-10 18:39:10 INF] CorrelationId=3d335a47b9c94909a0a31cc2642be289 Route matched with {action = "VerifyLegacy", controller = "PasswordTest"}. Executing controller action with signature Microsoft.AspNetCore.Mvc.IActionResult VerifyLegacy(Directfn.Custody.SampleApi.Controllers.LegacyPasswordVerifyTestRequest) on controller Directfn.Custody.SampleApi.Controllers.PasswordTestController (Directfn.Custody.SampleApi).
[2026-05-10 18:39:10 INF] CorrelationId=3d335a47b9c94909a0a31cc2642be289 Executing OkObjectResult, writing value of type 'Directfn.Custody.ApiFramework.Responses.ApiResponse`1[[<>f__AnonymousType3`1[[System.Boolean, System.Private.CoreLib, Version=10.0.0.0, Culture=neutral, PublicKeyToken=7cec85d7bea7798e]], Directfn.Custody.SampleApi, Version=1.0.0.0, Culture=neutral, PublicKeyToken=null]]'.
[2026-05-10 18:39:10 INF] CorrelationId=3d335a47b9c94909a0a31cc2642be289 Executed action Directfn.Custody.SampleApi.Controllers.PasswordTestController.VerifyLegacy (Directfn.Custody.SampleApi) in 1.7046ms
[2026-05-10 18:39:10 INF] CorrelationId=3d335a47b9c94909a0a31cc2642be289 Executed endpoint 'Directfn.Custody.SampleApi.Controllers.PasswordTestController.VerifyLegacy (Directfn.Custody.SampleApi)'
[2026-05-10 18:39:10 INF] CorrelationId=3d335a47b9c94909a0a31cc2642be289 HTTP POST /api/v1/password-test/verify-legacy responded 200 in 10.4875 ms
[2026-05-10 18:39:10 INF] CorrelationId= Request finished HTTP/1.1 POST http://localhost:5088/api/v1/password-test/verify-legacy - 200 null application/json; charset=utf-8 17.6924ms
[2026-05-10 18:39:40 INF] CorrelationId= Request starting HTTP/1.1 POST http://localhost:5088/api/v1/password-test/verify-legacy - application/json 75
[2026-05-10 18:39:40 INF] CorrelationId=ff92ba02aa174fb38dc7ec39b4cd078b CORS policy execution failed.
[2026-05-10 18:39:40 INF] CorrelationId=ff92ba02aa174fb38dc7ec39b4cd078b Request origin http://localhost:5088 does not have permission to access the resource.
[2026-05-10 18:39:40 INF] CorrelationId=ff92ba02aa174fb38dc7ec39b4cd078b Executing endpoint 'Directfn.Custody.SampleApi.Controllers.PasswordTestController.VerifyLegacy (Directfn.Custody.SampleApi)'
[2026-05-10 18:39:40 INF] CorrelationId=ff92ba02aa174fb38dc7ec39b4cd078b Route matched with {action = "VerifyLegacy", controller = "PasswordTest"}. Executing controller action with signature Microsoft.AspNetCore.Mvc.IActionResult VerifyLegacy(Directfn.Custody.SampleApi.Controllers.LegacyPasswordVerifyTestRequest) on controller Directfn.Custody.SampleApi.Controllers.PasswordTestController (Directfn.Custody.SampleApi).
[2026-05-10 18:39:40 INF] CorrelationId=ff92ba02aa174fb38dc7ec39b4cd078b Executing OkObjectResult, writing value of type 'Directfn.Custody.ApiFramework.Responses.ApiResponse`1[[<>f__AnonymousType3`1[[System.Boolean, System.Private.CoreLib, Version=10.0.0.0, Culture=neutral, PublicKeyToken=7cec85d7bea7798e]], Directfn.Custody.SampleApi, Version=1.0.0.0, Culture=neutral, PublicKeyToken=null]]'.
[2026-05-10 18:39:40 INF] CorrelationId=ff92ba02aa174fb38dc7ec39b4cd078b Executed action Directfn.Custody.SampleApi.Controllers.PasswordTestController.VerifyLegacy (Directfn.Custody.SampleApi) in 7.0288ms
[2026-05-10 18:39:40 INF] CorrelationId=ff92ba02aa174fb38dc7ec39b4cd078b Executed endpoint 'Directfn.Custody.SampleApi.Controllers.PasswordTestController.VerifyLegacy (Directfn.Custody.SampleApi)'
[2026-05-10 18:39:40 INF] CorrelationId=ff92ba02aa174fb38dc7ec39b4cd078b HTTP POST /api/v1/password-test/verify-legacy responded 200 in 24.1455 ms
[2026-05-10 18:39:40 INF] CorrelationId= Request finished HTTP/1.1 POST http://localhost:5088/api/v1/password-test/verify-legacy - 200 null application/json; charset=utf-8 29.0937ms
[2026-05-10 18:39:49 INF] CorrelationId= Request starting HTTP/1.1 POST http://localhost:5088/api/v1/password-test/verify-legacy - application/json 71
[2026-05-10 18:39:49 INF] CorrelationId=370e4e83e8ee492eb5b563c940a32167 CORS policy execution failed.
[2026-05-10 18:39:49 INF] CorrelationId=370e4e83e8ee492eb5b563c940a32167 Request origin http://localhost:5088 does not have permission to access the resource.
[2026-05-10 18:39:49 INF] CorrelationId=370e4e83e8ee492eb5b563c940a32167 Executing endpoint 'Directfn.Custody.SampleApi.Controllers.PasswordTestController.VerifyLegacy (Directfn.Custody.SampleApi)'
[2026-05-10 18:39:49 INF] CorrelationId=370e4e83e8ee492eb5b563c940a32167 Route matched with {action = "VerifyLegacy", controller = "PasswordTest"}. Executing controller action with signature Microsoft.AspNetCore.Mvc.IActionResult VerifyLegacy(Directfn.Custody.SampleApi.Controllers.LegacyPasswordVerifyTestRequest) on controller Directfn.Custody.SampleApi.Controllers.PasswordTestController (Directfn.Custody.SampleApi).
[2026-05-10 18:39:49 INF] CorrelationId=370e4e83e8ee492eb5b563c940a32167 Executing OkObjectResult, writing value of type 'Directfn.Custody.ApiFramework.Responses.ApiResponse`1[[<>f__AnonymousType3`1[[System.Boolean, System.Private.CoreLib, Version=10.0.0.0, Culture=neutral, PublicKeyToken=7cec85d7bea7798e]], Directfn.Custody.SampleApi, Version=1.0.0.0, Culture=neutral, PublicKeyToken=null]]'.
[2026-05-10 18:39:49 INF] CorrelationId=370e4e83e8ee492eb5b563c940a32167 Executed action Directfn.Custody.SampleApi.Controllers.PasswordTestController.VerifyLegacy (Directfn.Custody.SampleApi) in 2.3355ms
[2026-05-10 18:39:49 INF] CorrelationId=370e4e83e8ee492eb5b563c940a32167 Executed endpoint 'Directfn.Custody.SampleApi.Controllers.PasswordTestController.VerifyLegacy (Directfn.Custody.SampleApi)'
[2026-05-10 18:39:49 INF] CorrelationId=370e4e83e8ee492eb5b563c940a32167 HTTP POST /api/v1/password-test/verify-legacy responded 200 in 16.1110 ms
[2026-05-10 18:39:49 INF] CorrelationId= Request finished HTTP/1.1 POST http://localhost:5088/api/v1/password-test/verify-legacy - 200 null application/json; charset=utf-8 19.8064ms
[2026-05-10 18:39:56 INF] CorrelationId= Request starting HTTP/1.1 POST http://localhost:5088/api/v1/password-test/verify-legacy - application/json 71
[2026-05-10 18:39:56 INF] CorrelationId=cff501a9a05e4aed8ca7adc3f592e881 CORS policy execution failed.
[2026-05-10 18:39:56 INF] CorrelationId=cff501a9a05e4aed8ca7adc3f592e881 Request origin http://localhost:5088 does not have permission to access the resource.
[2026-05-10 18:39:56 INF] CorrelationId=cff501a9a05e4aed8ca7adc3f592e881 Executing endpoint 'Directfn.Custody.SampleApi.Controllers.PasswordTestController.VerifyLegacy (Directfn.Custody.SampleApi)'
[2026-05-10 18:39:56 INF] CorrelationId=cff501a9a05e4aed8ca7adc3f592e881 Route matched with {action = "VerifyLegacy", controller = "PasswordTest"}. Executing controller action with signature Microsoft.AspNetCore.Mvc.IActionResult VerifyLegacy(Directfn.Custody.SampleApi.Controllers.LegacyPasswordVerifyTestRequest) on controller Directfn.Custody.SampleApi.Controllers.PasswordTestController (Directfn.Custody.SampleApi).
[2026-05-10 18:39:56 INF] CorrelationId=cff501a9a05e4aed8ca7adc3f592e881 Executing OkObjectResult, writing value of type 'Directfn.Custody.ApiFramework.Responses.ApiResponse`1[[<>f__AnonymousType3`1[[System.Boolean, System.Private.CoreLib, Version=10.0.0.0, Culture=neutral, PublicKeyToken=7cec85d7bea7798e]], Directfn.Custody.SampleApi, Version=1.0.0.0, Culture=neutral, PublicKeyToken=null]]'.
[2026-05-10 18:39:56 INF] CorrelationId=cff501a9a05e4aed8ca7adc3f592e881 Executed action Directfn.Custody.SampleApi.Controllers.PasswordTestController.VerifyLegacy (Directfn.Custody.SampleApi) in 2.2143ms
[2026-05-10 18:39:56 INF] CorrelationId=cff501a9a05e4aed8ca7adc3f592e881 Executed endpoint 'Directfn.Custody.SampleApi.Controllers.PasswordTestController.VerifyLegacy (Directfn.Custody.SampleApi)'
[2026-05-10 18:39:56 INF] CorrelationId=cff501a9a05e4aed8ca7adc3f592e881 HTTP POST /api/v1/password-test/verify-legacy responded 200 in 12.8858 ms
[2026-05-10 18:39:56 INF] CorrelationId= Request finished HTTP/1.1 POST http://localhost:5088/api/v1/password-test/verify-legacy - 200 null application/json; charset=utf-8 18.1167ms
[2026-05-10 18:43:38 INF] CorrelationId= Request starting HTTP/1.1 GET http://localhost:5088/swagger/index.html - null null
[2026-05-10 18:43:38 INF] CorrelationId=44aa555b042c4c8c986b36146f65f5cc HTTP GET /swagger/index.html responded 304 in 0.4145 ms
[2026-05-10 18:43:38 INF] CorrelationId= Request finished HTTP/1.1 GET http://localhost:5088/swagger/index.html - 304 null null 4.8147ms
[2026-05-10 18:43:38 INF] CorrelationId= Request starting HTTP/1.1 GET http://localhost:5088/swagger/swagger-ui.css - null null
[2026-05-10 18:43:38 INF] CorrelationId= Request starting HTTP/1.1 GET http://localhost:5088/swagger/index.css - null null
[2026-05-10 18:43:38 INF] CorrelationId= Request starting HTTP/1.1 GET http://localhost:5088/swagger/swagger-ui-bundle.js - null null
[2026-05-10 18:43:38 INF] CorrelationId= Request starting HTTP/1.1 GET http://localhost:5088/swagger/swagger-ui-standalone-preset.js - null null
[2026-05-10 18:43:38 INF] CorrelationId= Request starting HTTP/1.1 GET http://localhost:5088/swagger/index.js - null null
[2026-05-10 18:43:38 INF] CorrelationId=949bf4fde10c44dbb90fab2501efadff HTTP GET /swagger/swagger-ui.css responded 304 in 0.1135 ms
[2026-05-10 18:43:38 INF] CorrelationId=0a80137613024b3d95adc7829eecf992 HTTP GET /swagger/index.css responded 304 in 0.0831 ms
[2026-05-10 18:43:38 INF] CorrelationId=d83df2d565fe43958fda43cf53bec31f HTTP GET /swagger/swagger-ui-bundle.js responded 304 in 0.0717 ms
[2026-05-10 18:43:38 INF] CorrelationId=f92799fe00814590876e3c174f942a20 HTTP GET /swagger/swagger-ui-standalone-preset.js responded 304 in 0.1649 ms
[2026-05-10 18:43:38 INF] CorrelationId=014c5903a8ba4abebec3ef7487451495 HTTP GET /swagger/index.js responded 304 in 0.2632 ms
[2026-05-10 18:43:38 INF] CorrelationId= Request finished HTTP/1.1 GET http://localhost:5088/swagger/swagger-ui.css - 304 null null 22.3671ms
[2026-05-10 18:43:38 INF] CorrelationId= Request finished HTTP/1.1 GET http://localhost:5088/swagger/index.css - 304 null null 24.1218ms
[2026-05-10 18:43:38 INF] CorrelationId= Request finished HTTP/1.1 GET http://localhost:5088/swagger/swagger-ui-bundle.js - 304 null null 26.2623ms
[2026-05-10 18:43:38 INF] CorrelationId= Request finished HTTP/1.1 GET http://localhost:5088/swagger/swagger-ui-standalone-preset.js - 304 null null 29.4557ms
[2026-05-10 18:43:38 INF] CorrelationId= Request finished HTTP/1.1 GET http://localhost:5088/swagger/index.js - 304 null null 30.6238ms
[2026-05-10 18:43:38 INF] CorrelationId= Request starting HTTP/1.1 GET http://localhost:5088/swagger/swagger-ui-standalone-preset.js - null null
[2026-05-10 18:43:38 INF] CorrelationId= Request starting HTTP/1.1 GET http://localhost:5088/swagger/index.js - null null
[2026-05-10 18:43:38 INF] CorrelationId= Request starting HTTP/1.1 GET http://localhost:5088/swagger/swagger-ui-bundle.js - null null
[2026-05-10 18:43:38 INF] CorrelationId=adbf4d8aa7e943329ab341292b4dd2cc HTTP GET /swagger/swagger-ui-standalone-preset.js responded 304 in 0.1162 ms
[2026-05-10 18:43:38 INF] CorrelationId=09b8c87610fe439e99c1c244186774eb HTTP GET /swagger/index.js responded 304 in 0.2388 ms
[2026-05-10 18:43:38 INF] CorrelationId=1c6b85f9259d42f19e63d1cea5fef052 HTTP GET /swagger/swagger-ui-bundle.js responded 304 in 0.2751 ms
[2026-05-10 18:43:38 INF] CorrelationId= Request finished HTTP/1.1 GET http://localhost:5088/swagger/swagger-ui-standalone-preset.js - 304 null null 22.6811ms
[2026-05-10 18:43:38 INF] CorrelationId= Request finished HTTP/1.1 GET http://localhost:5088/swagger/index.js - 304 null null 26.2983ms
[2026-05-10 18:43:38 INF] CorrelationId= Request finished HTTP/1.1 GET http://localhost:5088/swagger/swagger-ui-bundle.js - 304 null null 21.7034ms
[2026-05-10 18:43:38 INF] CorrelationId= Request starting HTTP/1.1 GET http://localhost:5088/swagger/v1/swagger.json - null null
[2026-05-10 18:43:38 INF] CorrelationId=ae553d87751643bcbfb1ee22c0370a46 HTTP GET /swagger/v1/swagger.json responded 200 in 3.1905 ms
[2026-05-10 18:43:38 INF] CorrelationId= Request starting HTTP/1.1 GET http://localhost:5088/swagger/favicon-32x32.png - null null
[2026-05-10 18:43:38 INF] CorrelationId= Request finished HTTP/1.1 GET http://localhost:5088/swagger/v1/swagger.json - 200 null application/json;charset=utf-8 11.9571ms
[2026-05-10 18:43:38 INF] CorrelationId=d7faa6aea0b44a5ca5e19f67d3dbfb1a HTTP GET /swagger/favicon-32x32.png responded 304 in 0.0978 ms
[2026-05-10 18:43:38 INF] CorrelationId= Request finished HTTP/1.1 GET http://localhost:5088/swagger/favicon-32x32.png - 304 null null 11.6585ms
[2026-05-10 19:00:20 INF] CorrelationId= Request starting HTTP/1.1 POST http://localhost:5088/api/v1/auth-test/token - null 0
[2026-05-10 19:00:20 INF] CorrelationId=38d4c0c23d75420fba1cb75c8a921873 CORS policy execution failed.
[2026-05-10 19:00:20 INF] CorrelationId=38d4c0c23d75420fba1cb75c8a921873 Request origin http://localhost:5088 does not have permission to access the resource.
[2026-05-10 19:00:20 INF] CorrelationId=38d4c0c23d75420fba1cb75c8a921873 Executing endpoint 'Directfn.Custody.SampleApi.Controllers.AuthTestController.GenerateToken (Directfn.Custody.SampleApi)'
[2026-05-10 19:00:20 INF] CorrelationId=38d4c0c23d75420fba1cb75c8a921873 Route matched with {action = "GenerateToken", controller = "AuthTest"}. Executing controller action with signature Microsoft.AspNetCore.Mvc.IActionResult GenerateToken() on controller Directfn.Custody.SampleApi.Controllers.AuthTestController (Directfn.Custody.SampleApi).
[2026-05-10 19:00:20 INF] CorrelationId=38d4c0c23d75420fba1cb75c8a921873 Executing OkObjectResult, writing value of type 'Directfn.Custody.ApiFramework.Responses.ApiResponse`1[[Directfn.Custody.ApiFramework.Authentication.TokenResult, Directfn.Custody.ApiFramework, Version=1.0.0.0, Culture=neutral, PublicKeyToken=null]]'.
[2026-05-10 19:00:20 INF] CorrelationId=38d4c0c23d75420fba1cb75c8a921873 Executed action Directfn.Custody.SampleApi.Controllers.AuthTestController.GenerateToken (Directfn.Custody.SampleApi) in 34.6069ms
[2026-05-10 19:00:20 INF] CorrelationId=38d4c0c23d75420fba1cb75c8a921873 Executed endpoint 'Directfn.Custody.SampleApi.Controllers.AuthTestController.GenerateToken (Directfn.Custody.SampleApi)'
[2026-05-10 19:00:20 INF] CorrelationId=38d4c0c23d75420fba1cb75c8a921873 HTTP POST /api/v1/auth-test/token responded 200 in 45.3942 ms
[2026-05-10 19:00:20 INF] CorrelationId= Request finished HTTP/1.1 POST http://localhost:5088/api/v1/auth-test/token - 200 null application/json; charset=utf-8 49.8414ms
[2026-05-10 19:12:44 INF] CorrelationId= Application is shutting down...
